#
# There is insufficient memory for the Java Runtime Environment to continue.
# Native memory allocation (mmap) failed to map 134217728 bytes for G1 virtual space
# Possible reasons:
#   The system is out of physical RAM or swap space
#   The process is running with CompressedOops enabled, and the Java Heap may be blocking the growth of the native heap
# Possible solutions:
#   Reduce memory load on the system
#   Increase physical memory or swap space
#   Check if swap backing store is full
#   Decrease Java heap size (-Xmx/-Xms)
#   Decrease number of Java threads
#   Decrease Java thread stack sizes (-Xss)
#   Set larger code cache with -XX:ReservedCodeCacheSize=
#   JVM is running with Unscaled Compressed Oops mode in which the Java heap is
#     placed in the first 4GB address space. The Java Heap base address is the
#     maximum limit for the native heap growth. Please use -XX:HeapBaseMinAddress
#     to set the Java Heap base and to place the Java Heap above 4GB virtual address.
# This output file may be truncated or incomplete.
#
#  Out of Memory Error (os_windows.cpp:3469), pid=4256, tid=20212
#
# JRE version:  (17.0+35) (build )
# Java VM: OpenJDK 64-Bit Server VM (17+35-2724, mixed mode, emulated-client, sharing, tiered, compressed oops, compressed class ptrs, g1 gc, windows-amd64)
# No core dump will be written. Minidumps are not enabled by default on client versions of Windows
#

---------------  S U M M A R Y ------------

Command Line: -XX:TieredStopAtLevel=1 -Dspring.output.ansi.enabled=always -Dcom.sun.management.jmxremote -Dspring.jmx.enabled=true -Dspring.liveBeansView.mbeanDomain -Dspring.application.admin.enabled=true -Dmanagement.endpoints.jmx.exposure.include=* -javaagent:C:\Program Files\JetBrains\IntelliJ IDEA 2023.3.4\lib\idea_rt.jar=54542:C:\Program Files\JetBrains\IntelliJ IDEA 2023.3.4\bin -Dfile.encoding=UTF-8 com.jwt.authentication.AuthenticationApplication

Host: Intel(R) Core(TM) i5-3360M CPU @ 2.80GHz, 4 cores, 7G,  Windows 10 , 64 bit Build 22621 (10.0.22621.3085)
Time: Wed Mar  6 13:19:54 2024 India Standard Time elapsed time: 0.396972 seconds (0d 0h 0m 0s)

---------------  T H R E A D  ---------------

Current thread (0x000001fbee1eec50):  JavaThread "Unknown thread" [_thread_in_vm, id=20212, stack(0x0000008c18e00000,0x0000008c18f00000)]

Stack: [0x0000008c18e00000,0x0000008c18f00000]
Native frames: (J=compiled Java code, j=interpreted, Vv=VM code, C=native code)
V  [jvm.dll+0x66f8ea]
V  [jvm.dll+0x7ce224]
V  [jvm.dll+0x7cf9ce]
V  [jvm.dll+0x7d0033]
V  [jvm.dll+0x242bb5]
V  [jvm.dll+0x66c909]
V  [jvm.dll+0x6613d2]
V  [jvm.dll+0x30082b]
V  [jvm.dll+0x307db6]
V  [jvm.dll+0x357a0e]
V  [jvm.dll+0x357c3f]
V  [jvm.dll+0x2d7ae8]
V  [jvm.dll+0x2d8a54]
V  [jvm.dll+0x7a00a1]
V  [jvm.dll+0x365781]
V  [jvm.dll+0x77f59c]
V  [jvm.dll+0x3e805f]
V  [jvm.dll+0x3e9b01]
C  [jli.dll+0x527b]
C  [ucrtbase.dll+0x29363]
C  [KERNEL32.DLL+0x1257d]
C  [ntdll.dll+0x5aa58]


---------------  P R O C E S S  ---------------

Threads class SMR info:
_java_thread_list=0x00007ffc9d567818, length=0, elements={
}

Java Threads: ( => current thread )

Other Threads:
  0x000001fbee22b6e0 GCTaskThread "GC Thread#0" [stack: 0x0000008c18f00000,0x0000008c19000000] [id=20140]
  0x000001fbee23c260 ConcurrentGCThread "G1 Main Marker" [stack: 0x0000008c19000000,0x0000008c19100000] [id=20472]
  0x000001fbee23cc70 ConcurrentGCThread "G1 Conc#0" [stack: 0x0000008c19100000,0x0000008c19200000] [id=23000]

[error occurred during error reporting (printing all threads), id 0xc0000005, EXCEPTION_ACCESS_VIOLATION (0xc0000005) at pc=0x00007ffc9cdb84c7]

VM state: not at safepoint (not fully initialized)

VM Mutex/Monitor currently owned by a thread:  ([mutex/lock_event])
[0x000001fbee1ea520] Heap_lock - owner thread: 0x000001fbee1eec50

Heap address: 0x0000000081e00000, size: 2018 MB, Compressed Oops mode: 32-bit

CDS archive(s) mapped at: [0x0000000000000000-0x0000000000000000-0x0000000000000000), size 0, SharedBaseAddress: 0x0000000800000000, ArchiveRelocationMode: 0.
Narrow klass base: 0x0000000000000000, Narrow klass shift: 0, Narrow klass range: 0x0

GC Precious Log:
<Empty>

Heap:
 garbage-first heap   total 0K, used 0K [0x0000000081e00000, 0x0000000100000000)
  region size 1024K, 0 young (0K), 0 survivors (0K)

[error occurred during error reporting (printing heap information), id 0xc0000005, EXCEPTION_ACCESS_VIOLATION (0xc0000005) at pc=0x00007ffc9d198c59]

GC Heap History (0 events):
No events

Deoptimization events (0 events):
No events

Classes unloaded (0 events):
No events

Classes redefined (0 events):
No events

Internal exceptions (0 events):
No events

VM Operations (0 events):
No events

Events (1 events):
Event: 0.240 Loaded shared library C:\Users\amank\.jdks\openjdk-17\bin\java.dll


Dynamic libraries:
0x00007ff7fddf0000 - 0x00007ff7fddfe000 	C:\Users\amank\.jdks\openjdk-17\bin\java.exe
0x00007ffd1a970000 - 0x00007ffd1ab87000 	C:\WINDOWS\SYSTEM32\ntdll.dll
0x00007ffd18690000 - 0x00007ffd18754000 	C:\WINDOWS\System32\KERNEL32.DLL
0x00007ffd17ee0000 - 0x00007ffd18286000 	C:\WINDOWS\System32\KERNELBASE.dll
0x00007ffd18400000 - 0x00007ffd18511000 	C:\WINDOWS\System32\ucrtbase.dll
0x00007ffd107d0000 - 0x00007ffd107e8000 	C:\Users\amank\.jdks\openjdk-17\bin\jli.dll
0x00007ffd19710000 - 0x00007ffd198be000 	C:\WINDOWS\System32\USER32.dll
0x00007ffd18520000 - 0x00007ffd18546000 	C:\WINDOWS\System32\win32u.dll
0x00007ffd1a7b0000 - 0x00007ffd1a7d9000 	C:\WINDOWS\System32\GDI32.dll
0x00007ffd17dc0000 - 0x00007ffd17ed8000 	C:\WINDOWS\System32\gdi32full.dll
0x00007ffd17cb0000 - 0x00007ffd17d4a000 	C:\WINDOWS\System32\msvcp_win.dll
0x00007ffd107a0000 - 0x00007ffd107ba000 	C:\Users\amank\.jdks\openjdk-17\bin\VCRUNTIME140.dll
0x00007ffd057c0000 - 0x00007ffd05a53000 	C:\WINDOWS\WinSxS\amd64_microsoft.windows.common-controls_6595b64144ccf1df_6.0.22621.2506_none_270c5ae97388e100\COMCTL32.dll
0x00007ffd1a6a0000 - 0x00007ffd1a747000 	C:\WINDOWS\System32\msvcrt.dll
0x00007ffd1a770000 - 0x00007ffd1a7a1000 	C:\WINDOWS\System32\IMM32.DLL
0x00007ffd10900000 - 0x00007ffd1090c000 	C:\Users\amank\.jdks\openjdk-17\bin\vcruntime140_1.dll
0x00007ffd0dd90000 - 0x00007ffd0de1d000 	C:\Users\amank\.jdks\openjdk-17\bin\msvcp140.dll
0x00007ffc9cad0000 - 0x00007ffc9d68e000 	C:\Users\amank\.jdks\openjdk-17\bin\server\jvm.dll
0x00007ffd19110000 - 0x00007ffd191c3000 	C:\WINDOWS\System32\ADVAPI32.dll
0x00007ffd1a430000 - 0x00007ffd1a4d8000 	C:\WINDOWS\System32\sechost.dll
0x00007ffd17c80000 - 0x00007ffd17ca8000 	C:\WINDOWS\System32\bcrypt.dll
0x00007ffd1a7e0000 - 0x00007ffd1a8f7000 	C:\WINDOWS\System32\RPCRT4.dll
0x00007ffd196e0000 - 0x00007ffd196e8000 	C:\WINDOWS\System32\PSAPI.DLL
0x00007ffd056d0000 - 0x00007ffd056d9000 	C:\WINDOWS\SYSTEM32\WSOCK32.dll
0x00007ffd191d0000 - 0x00007ffd19241000 	C:\WINDOWS\System32\WS2_32.dll
0x00007ffd115a0000 - 0x00007ffd115d4000 	C:\WINDOWS\SYSTEM32\WINMM.dll
0x00007ffd0fba0000 - 0x00007ffd0fbaa000 	C:\WINDOWS\SYSTEM32\VERSION.dll
0x00007ffd16d10000 - 0x00007ffd16d28000 	C:\WINDOWS\SYSTEM32\kernel.appcore.dll
0x00007ffd10810000 - 0x00007ffd1081a000 	C:\Users\amank\.jdks\openjdk-17\bin\jimage.dll
0x00007ffd10530000 - 0x00007ffd10763000 	C:\WINDOWS\SYSTEM32\DBGHELP.DLL
0x00007ffd187b0000 - 0x00007ffd18b39000 	C:\WINDOWS\System32\combase.dll
0x00007ffd19030000 - 0x00007ffd19107000 	C:\WINDOWS\System32\OLEAUT32.dll
0x00007ffd10320000 - 0x00007ffd10352000 	C:\WINDOWS\SYSTEM32\dbgcore.DLL
0x00007ffd18550000 - 0x00007ffd185ca000 	C:\WINDOWS\System32\bcryptPrimitives.dll
0x00007ffd10790000 - 0x00007ffd1079e000 	C:\Users\amank\.jdks\openjdk-17\bin\instrument.dll
0x00007ffd00ea0000 - 0x00007ffd00ec5000 	C:\Users\amank\.jdks\openjdk-17\bin\java.dll

dbghelp: loaded successfully - version: 4.0.5 - missing functions: none
symbol engine: initialized successfully - sym options: 0x614 - pdb path: .;C:\Users\amank\.jdks\openjdk-17\bin;C:\WINDOWS\SYSTEM32;C:\WINDOWS\WinSxS\amd64_microsoft.windows.common-controls_6595b64144ccf1df_6.0.22621.2506_none_270c5ae97388e100;C:\Users\amank\.jdks\openjdk-17\bin\server

VM Arguments:
jvm_args: -XX:TieredStopAtLevel=1 -Dspring.output.ansi.enabled=always -Dcom.sun.management.jmxremote -Dspring.jmx.enabled=true -Dspring.liveBeansView.mbeanDomain -Dspring.application.admin.enabled=true -Dmanagement.endpoints.jmx.exposure.include=* -javaagent:C:\Program Files\JetBrains\IntelliJ IDEA 2023.3.4\lib\idea_rt.jar=54542:C:\Program Files\JetBrains\IntelliJ IDEA 2023.3.4\bin -Dfile.encoding=UTF-8 
java_command: com.jwt.authentication.AuthenticationApplication
java_class_path (initial): E:\SpringBoot Project\authentication\build\classes\java\main;E:\SpringBoot Project\authentication\build\resources\main;C:\Users\amank\.gradle\caches\modules-2\files-2.1\org.projectlombok\lombok\1.18.30\f195ee86e6c896ea47a1d39defbe20eb59cd149d\lombok-1.18.30.jar;C:\Users\amank\.gradle\caches\modules-2\files-2.1\org.springframework.boot\spring-boot-starter-data-jpa\3.2.3\1fd0770b23c57627e5a37726fb4060f5bfa4da6f\spring-boot-starter-data-jpa-3.2.3.jar;C:\Users\amank\.gradle\caches\modules-2\files-2.1\org.springframework.boot\spring-boot-starter-web\3.2.3\bf2b775d4f4e6349129c64de30939a5493779706\spring-boot-starter-web-3.2.3.jar;C:\Users\amank\.gradle\caches\modules-2\files-2.1\org.springframework.boot\spring-boot-starter-mail\3.2.3\f9094ea136cd4f67bdf14600049b972607fec465\spring-boot-starter-mail-3.2.3.jar;C:\Users\amank\.gradle\caches\modules-2\files-2.1\org.springframework.boot\spring-boot-starter-validation\3.2.3\6bb79fe1a0760b5cec37bd85e31bd4cc987c8185\spring-boot-starter-validation-3.2.3.jar;C:\Users\amank\.gradle\caches\modules-2\files-2.1\mysql\mysql-connector-java\8.0.28\33678b1729d4f832b9e4bcb2d5bbd67940920a7a\mysql-connector-java-8.0.28.jar;C:\Users\amank\.gradle\caches\modules-2\files-2.1\io.springfox\springfox-boot-starter\3.0.0\5486365e263f8acca014b97efa50c3419d58e8f6\springfox-boot-starter-3.0.0.jar;C:\Users\amank\.gradle\caches\modules-2\files-2.1\org.springdoc\springdoc-openapi-starter-webmvc-ui\2.0.2\264da79c9d4a53feab8c5c6d0e0cb143bd099d4\springdoc-openapi-starter-webmvc-ui-2.0.2.jar;C:\Users\amank\.gradle\caches\modules-2\files-2.1\org.modelmapper\modelmapper\3.1.1\6636e94590e9d98e5e7db7e4fafcc15e9390e18d\modelmapper-3.1.1.jar;C:\Users\amank\.gradle\caches\modules-2\files-2.1\org.springframework.boot\spring-boot-starter-aop\3.2.3\db8d799efd6cacd3bd134d471c3f983cbc1a137\spring-boot-starter-aop-3.2.3.jar;C:\Users\amank\.gradle\caches\modules-2\files-2.1\org.springframework.boot\spring-boot-starter-jdbc\3.2.3\4c3632af95417c28
Launcher Type: SUN_STANDARD

[Global flags]
     intx CICompilerCount                          = 3                                         {product} {ergonomic}
     uint ConcGCThreads                            = 1                                         {product} {ergonomic}
     uint G1ConcRefinementThreads                  = 4                                         {product} {ergonomic}
   size_t G1HeapRegionSize                         = 1048576                                   {product} {ergonomic}
    uintx GCDrainStackTargetSize                   = 64                                        {product} {ergonomic}
   size_t InitialHeapSize                          = 134217728                                 {product} {ergonomic}
     bool ManagementServer                         = true                                      {product} {command line}
   size_t MarkStackSize                            = 4194304                                   {product} {ergonomic}
   size_t MaxHeapSize                              = 2116026368                                {product} {ergonomic}
   size_t MinHeapDeltaBytes                        = 1048576                                   {product} {ergonomic}
   size_t MinHeapSize                              = 8388608                                   {product} {ergonomic}
    uintx NonProfiledCodeHeapSize                  = 0                                      {pd product} {ergonomic}
     bool ProfileInterpreter                       = false                                  {pd product} {command line}
    uintx ProfiledCodeHeapSize                     = 0                                      {pd product} {ergonomic}
   size_t SoftMaxHeapSize                          = 2116026368                             {manageable} {ergonomic}
     intx TieredStopAtLevel                        = 1                                         {product} {command line}
     bool UseCompressedClassPointers               = true                           {product lp64_product} {ergonomic}
     bool UseCompressedOops                        = true                           {product lp64_product} {ergonomic}
     bool UseG1GC                                  = true                                      {product} {ergonomic}
     bool UseLargePagesIndividualAllocation        = false                                  {pd product} {ergonomic}

Logging:
Log output configuration:
 #0: stdout all=warning uptime,level,tags
 #1: stderr all=off uptime,level,tags

Environment Variables:
PATH=C:\Program Files\Common Files\Oracle\Java\javapath;C:\Program Files (x86)\Common Files\Oracle\Java\javapath;C:\Program Files (x86)\Common Files\Intel\Shared Libraries\redist\intel64\compiler;C:\WINDOWS\system32;C:\WINDOWS;C:\WINDOWS\System32\Wbem;C:\WINDOWS\System32\WindowsPowerShell\v1.0\;C:\WINDOWS\System32\OpenSSH\;C:\Program Files\IDM Computer Solutions\UltraCompare;C:\Program Files\nodejs\;C:\Program Files\Git\cmd;C:\Program Files\Git\bin;C:\Users\amank\AppData\Local\Microsoft\WindowsApps;;C:\Users\amank\IntelliJ IDEA 2021.2.2\bin;;C:\Users\amank\AppData\Roaming\npm;C:\Users\amank\AppData\Local\Programs\Microsoft VS Code\bin
USERNAME=amank
OS=Windows_NT
PROCESSOR_IDENTIFIER=Intel64 Family 6 Model 58 Stepping 9, GenuineIntel



---------------  S Y S T E M  ---------------

OS:
 Windows 10 , 64 bit Build 22621 (10.0.22621.3085)
OS uptime: 15 days 5:13 hours

CPU: total 4 (initial active 4) (2 cores per cpu, 2 threads per core) family 6 model 58 stepping 9 microcode 0x21, cx8, cmov, fxsr, ht, mmx, sse, sse2, sse3, ssse3, sse4.1, sse4.2, popcnt, tsc, tscinvbit, avx, aes, erms, clmul, vzeroupper, clflush

Memory: 4k page, system-wide physical 8071M (390M free)
TotalPageFile size 22272M (AvailPageFile size 72M)
current process WorkingSet (physical memory assigned to process): 10M, peak: 10M
current process commit charge ("private bytes"): 47M, peak: 174M

vm_info: OpenJDK 64-Bit Server VM (17+35-2724) for windows-amd64 JRE (17+35-2724), built on Aug  5 2021 23:26:02 by "mach5one" with MS VC++ 16.8 (VS2019)

END.
